2017-10-31 23:43:22,671 ERROR 邮件发送测试报告失败 atF:\Mselenium\MySelenium\testcase\Conmon\send_mail.py' 
2017-11-08 23:00:06,535 ERROR 未能正确打开页面:https://www.mingdao.com/login.htm' 
2017-11-08 23:03:37,427 ERROR 未能正确打开页面:https://www.mingdao.com/login.htm' 
2017-11-08 23:03:52,940 ERROR <PO.LoginPage.LoginPage object at 0x021DE810>找不到元素(u'name', u'loginName')' 
2017-11-08 23:03:52,943 ERROR <PO.LoginPage.LoginPage object at 0x021DE810>找不到元素[u'name', u'loginName']' 
2017-11-08 23:04:08,049 ERROR <PO.LoginPage.LoginPage object at 0x021DE810>找不到元素(u'name', u'loginPwd')' 
2017-11-08 23:04:08,051 ERROR <PO.LoginPage.LoginPage object at 0x021DE810>找不到元素[u'name', u'loginPwd']' 
2017-11-08 23:04:08,058 ERROR <PO.LoginPage.LoginPage object at 0x021DE810>找不到元素(u'css', u'button.btnLoginSubmit')' 
2017-11-08 23:10:08,292 ERROR 未能正确打开页面:https://www.mingdao.com/login.htm' 
2017-11-09 20:53:00,437 ERROR 邮件发送测试报告失败 atF:\Mselenium\MySelenium\testcase\Conmon\send_mail.pyc' 
2017-11-09 21:05:37,049 ERROR 邮件发送测试报告失败 atF:/Mselenium/MySelenium/testcase/Conmon/send_mail.py' 
2017-11-09 21:08:03,647 ERROR 邮件发送测试报告失败 atF:/Mselenium/MySelenium/testcase/Conmon/send_mail.py' 
2017-11-21 21:06:20,006 ERROR 邮件发送测试报告失败 atF:\Mselenium\MySelenium\testcase\Conmon\send_mail.py' 
2017-11-21 21:09:57,921 ERROR 邮件发送测试报告失败 atF:\Mselenium\MySelenium\testcase\Conmon\send_mail.py' 
2017-11-21 21:19:27,559 ERROR 邮件发送测试报告失败 atF:/Mselenium/MySelenium/testcase/Conmon/send_mail.py' 
2017-11-21 21:20:18,375 ERROR 邮件发送测试报告失败 atF:/Mselenium/MySelenium/testcase/Conmon/send_mail.py' 
2017-11-21 21:23:08,072 ERROR 邮件发送测试报告失败 atF:/Mselenium/MySelenium/testcase/Conmon/send_mail.py' 
2017-11-21 21:24:30,223 ERROR 邮件发送测试报告失败 atF:/Mselenium/MySelenium/testcase/Conmon/send_mail.py' 
2017-11-21 21:29:56,908 ERROR 邮件发送测试报告失败 atF:/Mselenium/MySelenium/testcase/Conmon/send_mail.py' 
2017-11-21 21:30:36,921 ERROR 邮件发送测试报告失败 atF:/Mselenium/MySelenium/testcase/Conmon/send_mail.py' 
2017-11-21 21:31:12,904 ERROR 邮件发送测试报告失败 atF:/Mselenium/MySelenium/testcase/Conmon/send_mail.py' 
2017-11-21 21:32:46,423 ERROR 邮件发送测试报告失败 atF:/Mselenium/MySelenium/testcase/Conmon/send_mail.py' 
2017-11-21 21:36:37,144 ERROR 邮件发送测试报告失败 atF:/Mselenium/MySelenium/testcase/Conmon/send_mail.py' 
2017-11-21 21:40:13,486 ERROR 邮件发送测试报告失败 atF:/Mselenium/MySelenium/testcase/Conmon/send_mail.py' 
2017-11-21 21:40:34,621 ERROR 邮件发送测试报告失败 atF:/Mselenium/MySelenium/testcase/Conmon/send_mail.py' 
2017-11-21 21:58:34,255 ERROR 邮件发送测试报告失败 atF:/Mselenium/MySelenium/testcase/Conmon/send_mail.py' 
2017-11-23 21:59:55,549 ERROR <__main__.Action object at 0x0215A370>找不到元素('i', 'd')' 
2017-11-23 21:59:55,563 ERROR <__main__.Action object at 0x0215A370>找不到元素id' 
2017-11-23 22:00:10,707 ERROR <__main__.Action object at 0x0215A370>找不到元素('id', 'su')' 
2017-11-23 23:26:35,561 ERROR <testcase.Conmon.BasePage.Action object at 0x020E2730>找不到元素('i', 'd')' 
2017-11-23 23:26:35,595 ERROR <testcase.Conmon.BasePage.Action object at 0x020E2730>找不到元素id' 
2017-11-23 23:26:51,114 ERROR <testcase.Conmon.BasePage.Action object at 0x020E2730>找不到元素('id', 'su')' 
2017-11-23 23:27:19,394 ERROR <testcase.Conmon.BasePage.Action object at 0x020D1770>找不到元素('i', 'd')' 
2017-11-23 23:27:19,395 ERROR <testcase.Conmon.BasePage.Action object at 0x020D1770>找不到元素id' 
2017-11-23 23:27:26,903 ERROR <testcase.Conmon.BasePage.Action object at 0x020D1770>找不到元素('id', 'su')' 
2017-11-23 23:28:17,950 ERROR <__main__.Action object at 0x020A5470>找不到元素('i', 'd')' 
2017-11-23 23:28:17,950 ERROR <__main__.Action object at 0x020A5470>找不到元素id' 
2017-11-23 23:28:21,345 ERROR <__main__.Action object at 0x020A5470>找不到元素('id', 'su')' 
2017-11-23 23:39:08,750 ERROR <__main__.Action object at 0x0201B470>找不到元素(('partial link text', 'su'),)' 
2017-11-23 23:39:23,877 ERROR <__main__.Action object at 0x0201B470>找不到元素('id', 'su')' 
2017-11-23 23:41:39,440 ERROR <__main__.Action object at 0x01FA3490>找不到元素('i', 'd')' 
2017-11-23 23:41:39,443 ERROR <__main__.Action object at 0x01FA3490>找不到元素id' 
2017-11-23 23:43:05,213 ERROR <__main__.Action object at 0x0205B470>找不到元素(('partial link text', 'kw '),)' 
2017-11-23 23:47:19,293 ERROR <__main__.Action object at 0x01FD3470>找不到元素(('id', 'kw '),)' 
2017-11-24 00:31:20,739 ERROR <testcase.PO.BaiduPage.BaiduPage object at 0x01FCAFB0>找不到元素(('id', 'su'),)' 
2017-11-24 00:31:30,665 ERROR <testcase.PO.BaiduPage.BaiduPage object at 0x0286F8B0>找不到元素(('id', 'su'),)' 
2017-11-24 00:31:40,877 ERROR <testcase.PO.BaiduPage.BaiduPage object at 0x0286F1B0>找不到元素(('id', 'su'),)' 
2017-11-24 10:33:50,108 ERROR <__main__.Action object at 0x01FFF4D0>找不到元素('id', 'kw ')' 
2017-11-24 10:51:06,165 ERROR <__main__.Action object at 0x01F43490>找不到元素('i', 'd')' 
2017-11-24 10:51:06,187 ERROR <__main__.Action object at 0x01F43490>找不到元素id' 
2017-11-24 10:53:45,420 ERROR 未能正确打开页面:https://www.baidu.com/' 
2017-11-24 10:53:45,426 ERROR <__main__.Action object at 0x01F83490>找不到元素('i', 'd')' 
2017-11-24 10:53:45,427 ERROR <__main__.Action object at 0x01F83490>找不到元素id' 
2017-11-24 10:53:56,931 ERROR <__main__.Action object at 0x01F83490>找不到元素('id', 'su')' 
2017-11-24 10:54:57,575 ERROR <__main__.Action object at 0x02023490>找不到元素('i', 'd')' 
2017-11-24 10:54:57,575 ERROR <__main__.Action object at 0x02023490>找不到元素id' 
2017-11-24 11:49:38,424 ERROR 键盘输入出错' 
2017-11-24 12:08:44,770 ERROR 输入%s出错' 
2017-11-24 12:09:56,911 ERROR 输入出错' 
2017-11-25 15:52:33,388 ERROR 输入出错' 
2017-11-25 15:53:44,803 ERROR 输入%s出错' 
2017-11-25 15:55:35,678 ERROR 输入selenium出错' 
2017-11-25 15:59:38,361 ERROR <__main__.Action object at 0x01FAD510>找不到元素id' 
2017-11-25 16:10:10,049 ERROR 输入selenium出错' 
2017-11-25 16:10:54,066 ERROR 输入selenium出错' 
2017-11-25 16:12:02,644 ERROR 输入selenium出错' 
2017-11-26 17:35:31,746 ERROR <__main__.Action object at 0x02102770>找不到元素(u'i', u'd', u' ')' 
2017-11-26 17:35:31,786 ERROR <__main__.Action object at 0x02102770>找不到元素id ' 
2017-11-26 17:35:31,788 ERROR <__main__.Action object at 0x0211BDF0>找不到元素(u'id ', u'su')' 
2017-11-26 17:36:11,895 ERROR 未能正确打开页面:https://www.baidu.com/' 
2017-11-26 17:36:11,897 ERROR <__main__.Action object at 0x02142770>找不到元素(u'i', u'd', u' ')' 
2017-11-26 17:36:11,898 ERROR <__main__.Action object at 0x02142770>找不到元素id ' 
2017-11-26 17:36:11,900 ERROR <__main__.Action object at 0x0215BE70>找不到元素(u'id ', u'su')' 
2017-11-26 17:37:22,309 ERROR 未能正确打开页面:https://www.baidu.com/' 
2017-11-26 17:37:32,312 ERROR <__main__.Action object at 0x020C2770>找不到元素(u'i', u'd', u' ')' 
2017-11-26 17:37:32,316 ERROR <__main__.Action object at 0x020C2770>找不到元素id ' 
2017-11-26 17:37:42,322 ERROR <__main__.Action object at 0x020DBE70>找不到元素(u'id ', u'su')' 
2017-11-26 19:01:28,641 ERROR 未能正确打开页面:https://www.baidu.com/' 
2017-11-26 19:01:38,644 ERROR <__main__.Action object at 0x01FA2770>找不到元素(u'i', u'd', u' ')' 
2017-11-26 19:01:38,648 ERROR <__main__.Action object at 0x01FA2770>找不到元素id ' 
2017-11-26 19:01:48,653 ERROR <__main__.Action object at 0x01FBBE70>找不到元素(u'id ', u'su')' 
2017-11-26 19:05:34,405 ERROR 未能正确打开页面:https://www.baidu.com/' 
2017-11-26 19:05:44,410 ERROR <__main__.Action object at 0x01F82770>找不到元素(u'i', u'd', u' ')' 
2017-11-26 19:05:44,414 ERROR <__main__.Action object at 0x01F82770>找不到元素id ' 
2017-11-26 19:05:54,418 ERROR <__main__.Action object at 0x01F9BDD0>找不到元素(u'id ', u'su')' 
2017-11-26 20:38:10,434 ERROR 未能正确打开页面:u'https://www.baidu.com/'' 
2017-11-26 22:14:08,766 ERROR <__main__.Action object at 0x01FB47D0>找不到元素('u', "'", 'i', 'd', ' ', "'", ',', ' ', 'u', "'", 's', 'u', "'")' 
2017-11-26 22:43:53,984 ERROR 未能正确打开页面:https://www.baid.com/' 
2017-11-26 22:44:39,572 ERROR 未能正确打开页面:https://www.baid.com/' 
2017-11-26 22:46:10,154 ERROR 未能正确打开页面:https://www.baid.com/' 
2017-11-26 23:22:31,529 ERROR 未能正确打开页面:u'https://www.baidu.com/'' 
2017-11-26 23:31:28,470 ERROR 未能正确打开页面:u'https://www.baidu.com/'' 
2017-11-26 23:32:22,217 ERROR 未能正确打开页面:u'https://www.baidu.com/'' 
2017-12-12 23:15:48,542 ERROR 未能正确打开页面:https://www.baidu.com/' 
2017-12-12 23:15:48,569 ERROR <PO.BaiduPage.BaiduPage object at 0x02057050>找不到元素('id', 'kw')' 
2017-12-12 23:16:58,066 ERROR 未能正确打开页面:https://www.baidu.com/' 
2017-12-12 23:16:58,068 ERROR <PO.BaiduPage.BaiduPage object at 0x01F87050>找不到元素('id', 'kw')' 
